<?xml version="1.0" encoding="UTF-8"?>
<!-- Generated by org.testng.reporters.JUnitXMLReporter -->
<testsuite ignored="0" hostname="DESKTOP-GEL91EN" failures="3" tests="8" name="TestRun_27thJune" time="128.561" errors="0" timestamp="2023-07-27T10:31:00 IST">
  <testcase classname="testcases.RegisterPageTestcases" name="Verify_Backtologin_text_dislayed_BacktologinButton" time="0.067">
    <failure type="java.lang.AssertionError" message="Backtologin is not shown in Backtologin Button expected [Backtologin] but found [Back to Login]">
      <![CDATA[java.lang.AssertionError: Backtologin is not shown in Backtologin Button expected [Backtologin] but found [Back to Login]
at testcases.RegisterPageTestcases.Verify_Backtologin_text_dislayed_BacktologinButton(RegisterPageTestcases.java:86)
at java.base/java.util.ArrayList.forEach(ArrayList.java:1511)
... Removed 32 stack frames]]>
    </failure>
  </testcase> <!-- Verify_Backtologin_text_dislayed_BacktologinButton -->
  <testcase classname="testcases.RegisterPageTestcases" name="Verify_HeaderContent_Register_Page" time="0.044"/>
  <testcase classname="testcases.RegisterPageTestcases" name="Verify_Register_text_dislayed_RegisterButton" time="0.035"/>
  <testcase classname="testcases.RegisterPageTestcases" name="Verify_UsernamePassword_Labels_RegisterPage" time="0.033">
    <failure type="org.openqa.selenium.NoSuchElementException" message="no such element: Unable to locate element: {&amp;quot;method&amp;quot;:&amp;quot;css selector&amp;quot;,&amp;quot;selector&amp;quot;:&amp;quot;#FirstName\-label&amp;quot;}
  (Session info: chrome=115.0.5790.110)
For documentation on this error, please visit: https://www.selenium.dev/documentation/webdriver/troubleshooting/errors#no-such-element-exception
Build info: version: &amp;apos;4.10.0&amp;apos;, revision: &amp;apos;c14d967899&amp;apos;
System info: os.name: &amp;apos;Windows 11&amp;apos;, os.arch: &amp;apos;amd64&amp;apos;, os.version: &amp;apos;10.0&amp;apos;, java.version: &amp;apos;17.0.7&amp;apos;
Driver info: org.openqa.selenium.chrome.ChromeDriver
Command: [5a2c1dcee861b8524d0d9e5d52ef2b31, findElement {using=id, value=FirstName-label}]
Capabilities {acceptInsecureCerts: false, browserName: chrome, browserVersion: 115.0.5790.110, chrome: {chromedriverVersion: 114.0.5735.90 (386bc09e8f4f..., userDataDir: C:\Users\HP\AppData\Local\T...}, goog:chromeOptions: {debuggerAddress: localhost:63673}, networkConnectionEnabled: false, pageLoadStrategy: normal, platformName: windows, proxy: Proxy(), se:cdp: ws://localhost:63673/devtoo..., se:cdpVersion: 115.0.5790.110, setWindowRect: true, strictFileInteractability: false, timeouts: {implicit: 0, pageLoad: 300000, script: 30000}, unhandledPromptBehavior: dismiss and notify, webauthn:extension:credBlob: true, webauthn:extension:largeBlob: true, webauthn:extension:minPinLength: true, webauthn:extension:prf: true, webauthn:virtualAuthenticators: true}
Session ID: 5a2c1dcee861b8524d0d9e5d52ef2b31">
      <![CDATA[org.openqa.selenium.NoSuchElementException: no such element: Unable to locate element: {"method":"css selector","selector":"#FirstName\-label"}
  (Session info: chrome=115.0.5790.110)
For documentation on this error, please visit: https://www.selenium.dev/documentation/webdriver/troubleshooting/errors#no-such-element-exception
Build info: version: '4.10.0', revision: 'c14d967899'
System info: os.name: 'Windows 11', os.arch: 'amd64', os.version: '10.0', java.version: '17.0.7'
Driver info: org.openqa.selenium.chrome.ChromeDriver
Command: [5a2c1dcee861b8524d0d9e5d52ef2b31, findElement {using=id, value=FirstName-label}]
Capabilities {acceptInsecureCerts: false, browserName: chrome, browserVersion: 115.0.5790.110, chrome: {chromedriverVersion: 114.0.5735.90 (386bc09e8f4f..., userDataDir: C:\Users\HP\AppData\Local\T...}, goog:chromeOptions: {debuggerAddress: localhost:63673}, networkConnectionEnabled: false, pageLoadStrategy: normal, platformName: windows, proxy: Proxy(), se:cdp: ws://localhost:63673/devtoo..., se:cdpVersion: 115.0.5790.110, setWindowRect: true, strictFileInteractability: false, timeouts: {implicit: 0, pageLoad: 300000, script: 30000}, unhandledPromptBehavior: dismiss and notify, webauthn:extension:credBlob: true, webauthn:extension:largeBlob: true, webauthn:extension:minPinLength: true, webauthn:extension:prf: true, webauthn:virtualAuthenticators: true}
Session ID: 5a2c1dcee861b8524d0d9e5d52ef2b31
at org.openqa.selenium.remote.codec.w3c.W3CHttpResponseCodec.createException(W3CHttpResponseCodec.java:199)
at org.openqa.selenium.remote.codec.w3c.W3CHttpResponseCodec.decode(W3CHttpResponseCodec.java:132)
at org.openqa.selenium.remote.codec.w3c.W3CHttpResponseCodec.decode(W3CHttpResponseCodec.java:51)
at org.openqa.selenium.remote.HttpCommandExecutor.execute(HttpCommandExecutor.java:191)
at org.openqa.selenium.remote.service.DriverCommandExecutor.invokeExecute(DriverCommandExecutor.java:196)
at org.openqa.selenium.remote.service.DriverCommandExecutor.execute(DriverCommandExecutor.java:171)
at org.openqa.selenium.remote.RemoteWebDriver.execute(RemoteWebDriver.java:531)
at org.openqa.selenium.remote.ElementLocation$ElementFinder$2.findElement(ElementLocation.java:165)
at org.openqa.selenium.remote.ElementLocation.findElement(ElementLocation.java:66)
at org.openqa.selenium.remote.RemoteWebDriver.findElement(RemoteWebDriver.java:350)
at org.openqa.selenium.remote.RemoteWebDriver.findElement(RemoteWebDriver.java:344)
at testcases.RegisterPageTestcases.Verify_UsernamePassword_Labels_RegisterPage(RegisterPageTestcases.java:52)
at java.base/java.util.ArrayList.forEach(ArrayList.java:1511)
... Removed 32 stack frames]]>
    </failure>
  </testcase> <!-- Verify_UsernamePassword_Labels_RegisterPage -->
  <testcase classname="testcases.LoginPageTestcases" name="Check_NewUser_Button_Fuctionality_LoginPage" time="0.002">
    <failure type="java.lang.NullPointerException" message="Cannot invoke &amp;quot;pages.LoginPage.click_newuser_button()&amp;quot; because &amp;quot;this.loginpage&amp;quot; is null">
      <![CDATA[java.lang.NullPointerException: Cannot invoke "pages.LoginPage.click_newuser_button()" because "this.loginpage" is null
at testcases.LoginPageTestcases.Check_NewUser_Button_Fuctionality_LoginPage(LoginPageTestcases.java:94)
at java.base/java.util.ArrayList.forEach(ArrayList.java:1511)
... Removed 27 stack frames]]>
    </failure>
  </testcase> <!-- Check_NewUser_Button_Fuctionality_LoginPage -->
  <testcase classname="testcases.LoginPageTestcases" name="Verify_HeaderContent_Login_Page" time="0.041"/>
  <testcase classname="testcases.LoginPageTestcases" name="Verify_Login_text_dislayed_LoginButton" time="0.043"/>
  <testcase classname="testcases.LoginPageTestcases" name="Verify_UsernamePassword_Labels_LoginPage" time="0.074"/>
</testsuite> <!-- TestRun_27thJune -->
