<?xml version="1.0" encoding="UTF-8"?>
<!-- Generated by org.testng.reporters.JUnitXMLReporter -->
<testsuite ignored="0" hostname="DESKTOP-GEL91EN" failures="1" tests="13" name="Surefire test" time="84.55" errors="0" timestamp="2023-07-27T11:03:55 IST">
  <testcase classname="testcases.TestcaseswithDataProvider" name="testcase_withVijayUser" time="0.003"/>
  <testcase classname="testcases.TestcaseswithDataProvider" name="testcase_withVijayUser" time="0.002"/>
  <testcase classname="testcases.TestcaseswithDataProvider" name="testcase_withVijayUser" time="0.001"/>
  <testcase classname="testcases.TestcaseswithDataProvider" name="testcase_withVijayUser" time="0.002"/>
  <testcase classname="testcases.TestcaseswithDataProvider" name="testcase_withVijayUser1" time="0.001"/>
  <testcase classname="testcases.TestcaseswithDataProvider" name="testcase_withVijayUser1" time="0.001"/>
  <testcase classname="testcases.TestcaseswithDataProvider" name="testcase_withVijayUser1" time="0.001"/>
  <testcase classname="testcases.TestcaseswithDataProvider" name="testcase_withVijayUser2" time="0.0"/>
  <testcase classname="testcases.TestcaseswithDataProvider" name="testcase_withVijayUser2" time="0.001"/>
  <testcase classname="testcases.TestcaseswithDataProvider" name="testcase_withVijayUser2" time="0.001"/>
  <testcase classname="testcases.Testcases_Jenkins" name="Check_NewUser_Button_Fuctionality_LoginPage" time="0.001">
    <failure type="java.lang.NullPointerException" message="Cannot invoke &amp;quot;pages.LoginPage.click_newuser_button()&amp;quot; because &amp;quot;this.loginpage&amp;quot; is null">
      <![CDATA[java.lang.NullPointerException: Cannot invoke "pages.LoginPage.click_newuser_button()" because "this.loginpage" is null
at testcases.Testcases_Jenkins.Check_NewUser_Button_Fuctionality_LoginPage(Testcases_Jenkins.java:75)
at java.base/java.util.ArrayList.forEach(ArrayList.java:1511)
... Removed 32 stack frames]]>
    </failure>
  </testcase> <!-- Check_NewUser_Button_Fuctionality_LoginPage -->
  <testcase classname="testcases.Testcases_Jenkins" name="Verify_Login_text_dislayed_LoginButton" time="0.038"/>
  <testcase classname="testcases.Testcases_Jenkins" name="Verify_UsernamePassword_Labels_LoginPage" time="0.069"/>
</testsuite> <!-- Surefire test -->
